2017/12/05 16:10:32 にビルドを開始しました。
     1>ノード 2 上のプロジェクト "H:\WinFiles\Desktop\ICG2017\Modeler\Modeler.vcxproj" (Build ターゲット)。
     1>ClCompile:
         C:\Program Files (x86)\Microsoft Visual Studio 12.0\VC\bin\CL.exe /c /I"H:\WinFiles\Desktop\ICG2017\Modeler\\src\file dialog" /I"H:\WinFiles\Desktop\ICG2017\fltk-1.3.0" /ZI /nologo /W3 /WX- /Od /Oy- /D WIN32 /D _DEBUG /D _WINDOWS /D FLTK1 /D _VC80_UPGRADE=0x0710 /D _MBCS /Gm /EHsc /RTC1 /MDd /GS /fp:precise /Zc:wchar_t /Zc:forScope /Fo"Debug\\" /Fd"Debug\vc120.pdb" /Gd /TP /wd4996 /wd4311 /wd4312 /analyze- /errorReport:prompt src\main.cpp
         main.cpp
     1>c:\program files (x86)\windows kits\8.1\include\um\sal_supp.h(57): warning C4005: '__useHeader' : マクロが再定義されました。
                 c:\program files (x86)\microsoft visual studio 12.0\vc\include\sal.h(2886) : '__useHeader' の前の定義を確認してください
     1>c:\program files (x86)\windows kits\8.1\include\um\specstrings_supp.h(77): warning C4005: '__on_failure' : マクロが再定義されました。
                 c:\program files (x86)\microsoft visual studio 12.0\vc\include\sal.h(2896) : '__on_failure' の前の定義を確認してください
       Link:
         C:\Program Files (x86)\Microsoft Visual Studio 12.0\VC\bin\link.exe /ERRORREPORT:PROMPT /OUT:"Debug\Modeler.exe" /INCREMENTAL /NOLOGO /LIBPATH:"H:\WinFiles\Desktop\ICG2017\fltk-1.3.0\lib" fltk.lib fltkgl.lib fltkpng.lib fltkzlib.lib fltkjpeg.lib fltkimages.lib glu32.lib opengl32.lib comctl32.lib wsock32.lib kernel32.lib user32.lib gdi32.lib winspool.lib comdlg32.lib advapi32.lib shell32.lib ole32.lib oleaut32.lib uuid.lib odbc32.lib odbccp32.lib /NODEFAULTLIB:MSVCRT.lib /MANIFEST /MANIFESTUAC:"level='asInvoker' uiAccess='false'" /manifest:embed /DEBUG /PDB:"Debug\Animator.pdb" /SUBSYSTEM:WINDOWS /TLBID:1 /DYNAMICBASE:NO /IMPLIB:"Debug\Modeler.lib" /MACHINE:X86 /SAFESEH Debug\animatoruiwindows.obj
         Debug\camera.obj
         Debug\color.obj
         Debug\curve.obj
         Debug\curveevaluator.obj
         Debug\Fl_Native_File_Chooser.obj
         Debug\graphwidget.obj
         Debug\imageio.obj
         Debug\indicatorwindow.obj
         Debug\linearcurveevaluator.obj
         Debug\main.obj
         Debug\modelerapp.obj
         Debug\modelerdraw.obj
         Debug\modelerui.obj
         Debug\modelerview.obj
         Debug\particleSystem.obj
         Debug\point.obj
         Debug\rect.obj
         Debug\rulerwindow.obj
         Modeler.vcxproj -> H:\WinFiles\Desktop\ICG2017\Modeler\Debug\Modeler.exe
     1>プロジェクト "H:\WinFiles\Desktop\ICG2017\Modeler\Modeler.vcxproj" (Build ターゲット) のビルドが完了しました。

ビルドに成功しました。

経過時間 00:00:03.15
